<?xml version="1.0" encoding="UTF-8"?>
<coverage generated="1772125814337" clover="3.2.0">
  <project timestamp="1772125814338" name="All files">
    <metrics statements="144" coveredstatements="132" conditionals="75" coveredconditionals="55" methods="12" coveredmethods="12" elements="231" coveredelements="199" complexity="0" loc="144" ncloc="144" packages="2" files="6" classes="6"/>
    <package name="constants">
      <metrics statements="9" coveredstatements="9" conditionals="0" coveredconditionals="0" methods="0" coveredmethods="0"/>
      <file name="index.ts" path="D:\projectlocal\personal\speak2wake\constants\index.ts">
        <metrics statements="9" coveredstatements="9" conditionals="0" coveredconditionals="0" methods="0" coveredmethods="0"/>
        <line num="1" count="1" type="stmt"/>
        <line num="7" count="1" type="stmt"/>
        <line num="13" count="1" type="stmt"/>
        <line num="14" count="1" type="stmt"/>
        <line num="15" count="1" type="stmt"/>
        <line num="16" count="1" type="stmt"/>
        <line num="18" count="1" type="stmt"/>
        <line num="26" count="1" type="stmt"/>
        <line num="27" count="1" type="stmt"/>
      </file>
    </package>
    <package name="engine">
      <metrics statements="135" coveredstatements="123" conditionals="75" coveredconditionals="55" methods="12" coveredmethods="12"/>
      <file name="failsafe.ts" path="D:\projectlocal\personal\speak2wake\engine\failsafe.ts">
        <metrics statements="15" coveredstatements="15" conditionals="2" coveredconditionals="2" methods="3" coveredmethods="3"/>
        <line num="7" count="1" type="stmt"/>
        <line num="8" count="301" type="stmt"/>
        <line num="9" count="301" type="stmt"/>
        <line num="13" count="301" type="cond" truecount="2" falsecount="0"/>
        <line num="14" count="150" type="stmt"/>
        <line num="15" count="150" type="stmt"/>
        <line num="16" count="150" type="stmt"/>
        <line num="18" count="151" type="stmt"/>
        <line num="19" count="151" type="stmt"/>
        <line num="20" count="151" type="stmt"/>
        <line num="23" count="301" type="stmt"/>
        <line num="33" count="1" type="stmt"/>
        <line num="34" count="12" type="stmt"/>
        <line num="35" count="24" type="stmt"/>
        <line num="39" count="12" type="stmt"/>
      </file>
      <file name="levenshtein.ts" path="D:\projectlocal\personal\speak2wake\engine\levenshtein.ts">
        <metrics statements="16" coveredstatements="16" conditionals="3" coveredconditionals="3" methods="3" coveredmethods="3"/>
        <line num="4" count="3" type="stmt"/>
        <line num="5" count="18" type="stmt"/>
        <line num="6" count="18" type="stmt"/>
        <line num="7" count="96" type="stmt"/>
        <line num="9" count="96" type="stmt"/>
        <line num="10" count="92" type="stmt"/>
        <line num="12" count="18" type="stmt"/>
        <line num="13" count="78" type="stmt"/>
        <line num="14" count="435" type="cond" truecount="2" falsecount="0"/>
        <line num="15" count="63" type="stmt"/>
        <line num="17" count="372" type="stmt"/>
        <line num="22" count="18" type="stmt"/>
        <line num="28" count="3" type="stmt"/>
        <line num="29" count="10" type="stmt"/>
        <line num="30" count="10" type="cond" truecount="1" falsecount="0"/>
        <line num="31" count="9" type="stmt"/>
      </file>
      <file name="normalizer.ts" path="D:\projectlocal\personal\speak2wake\engine\normalizer.ts">
        <metrics statements="12" coveredstatements="12" conditionals="1" coveredconditionals="1" methods="2" coveredmethods="2"/>
        <line num="1" count="2" type="stmt"/>
        <line num="11" count="2" type="stmt"/>
        <line num="12" count="22" type="stmt"/>
        <line num="15" count="22" type="stmt"/>
        <line num="18" count="22" type="stmt"/>
        <line num="19" count="160" type="cond" truecount="1" falsecount="0"/>
        <line num="20" count="6" type="stmt"/>
        <line num="21" count="6" type="stmt"/>
        <line num="26" count="22" type="stmt"/>
        <line num="28" count="22" type="stmt"/>
        <line num="34" count="2" type="stmt"/>
        <line num="35" count="4" type="stmt"/>
      </file>
      <file name="phonetic.ts" path="D:\projectlocal\personal\speak2wake\engine\phonetic.ts">
        <metrics statements="67" coveredstatements="56" conditionals="61" coveredconditionals="42" methods="2" coveredmethods="2"/>
        <line num="1" count="2" type="stmt"/>
        <line num="21" count="2" type="stmt"/>
        <line num="22" count="23" type="cond" truecount="1" falsecount="0"/>
        <line num="24" count="22" type="stmt"/>
        <line num="31" count="22" type="cond" truecount="0" falsecount="1"/>
        <line num="33" count="22" type="stmt"/>
        <line num="35" count="22" type="stmt"/>
        <line num="36" count="126" type="stmt"/>
        <line num="37" count="126" type="cond" truecount="2" falsecount="0"/>
        <line num="38" count="126" type="cond" truecount="2" falsecount="0"/>
        <line num="40" count="126" type="stmt"/>
        <line num="42" count="126" type="cond" truecount="22" falsecount="5"/>
        <line num="44" count="40" type="stmt"/>
        <line num="45" count="40" type="stmt"/>
        <line num="47" count="10" type="stmt"/>
        <line num="48" count="10" type="stmt"/>
        <line num="51" count="1" type="cond" truecount="1" falsecount="1"/>
        <line num="52" count="1" type="stmt"/>
        <line num="55" count="14" type="cond" truecount="2" falsecount="0"/>
        <line num="56" count="14" type="stmt"/>
        <line num="60" count="8" type="stmt"/>
        <line num="61" count="8" type="stmt"/>
        <line num="65" count="3" type="stmt"/>
        <line num="66" count="3" type="stmt"/>
        <line num="68" count="0" type="stmt"/>
        <line num="69" count="0" type="stmt"/>
        <line num="71" count="4" type="stmt"/>
        <line num="72" count="4" type="stmt"/>
        <line num="75" count="13" type="stmt"/>
        <line num="76" count="13" type="stmt"/>
        <line num="78" count="12" type="stmt"/>
        <line num="79" count="12" type="stmt"/>
        <line num="82" count="19" type="stmt"/>
        <line num="83" count="19" type="stmt"/>
        <line num="85" count="2" type="cond" truecount="1" falsecount="1"/>
        <line num="86" count="0" type="cond" truecount="0" falsecount="2"/>
        <line num="88" count="2" type="stmt"/>
        <line num="89" count="2" type="cond" truecount="2" falsecount="2"/>
        <line num="90" count="0" type="stmt"/>
        <line num="91" count="2" type="cond" truecount="1" falsecount="1"/>
        <line num="92" count="2" type="stmt"/>
        <line num="94" count="0" type="cond" truecount="0" falsecount="2"/>
        <line num="97" count="2" type="stmt"/>
        <line num="99" count="0" type="stmt"/>
        <line num="100" count="0" type="stmt"/>
        <line num="102" count="0" type="stmt"/>
        <line num="103" count="0" type="stmt"/>
        <line num="105" count="0" type="stmt"/>
        <line num="108" count="126" type="stmt"/>
        <line num="112" count="22" type="stmt"/>
        <line num="115" count="22" type="stmt"/>
        <line num="116" count="22" type="stmt"/>
        <line num="117" count="116" type="cond" truecount="3" falsecount="0"/>
        <line num="118" count="100" type="stmt"/>
        <line num="123" count="22" type="cond" truecount="1" falsecount="1"/>
        <line num="124" count="22" type="stmt"/>
        <line num="126" count="0" type="stmt"/>
        <line num="129" count="22" type="stmt"/>
        <line num="135" count="2" type="stmt"/>
        <line num="136" count="9" type="stmt"/>
        <line num="137" count="9" type="stmt"/>
        <line num="139" count="9" type="cond" truecount="1" falsecount="2"/>
        <line num="140" count="9" type="cond" truecount="2" falsecount="1"/>
        <line num="141" count="9" type="cond" truecount="1" falsecount="0"/>
        <line num="144" count="3" type="stmt"/>
        <line num="145" count="3" type="stmt"/>
        <line num="146" count="3" type="stmt"/>
      </file>
      <file name="scoring.ts" path="D:\projectlocal\personal\speak2wake\engine\scoring.ts">
        <metrics statements="25" coveredstatements="24" conditionals="8" coveredconditionals="7" methods="2" coveredmethods="2"/>
        <line num="1" count="1" type="stmt"/>
        <line num="2" count="1" type="stmt"/>
        <line num="3" count="1" type="stmt"/>
        <line num="4" count="1" type="stmt"/>
        <line num="11" count="1" type="stmt"/>
        <line num="12" count="12" type="cond" truecount="1" falsecount="0"/>
        <line num="13" count="2" type="stmt"/>
        <line num="15" count="10" type="cond" truecount="1" falsecount="0"/>
        <line num="16" count="7" type="stmt"/>
        <line num="18" count="3" type="stmt"/>
        <line num="25" count="1" type="stmt"/>
        <line num="30" count="6" type="stmt"/>
        <line num="31" count="6" type="stmt"/>
        <line num="33" count="6" type="stmt"/>
        <line num="34" count="6" type="stmt"/>
        <line num="35" count="6" type="stmt"/>
        <line num="38" count="6" type="stmt"/>
        <line num="42" count="6" type="stmt"/>
        <line num="43" count="6" type="stmt"/>
        <line num="46" count="6" type="cond" truecount="2" falsecount="0"/>
        <line num="47" count="5" type="cond" truecount="2" falsecount="0"/>
        <line num="48" count="1" type="cond" truecount="1" falsecount="1"/>
        <line num="49" count="0" type="stmt"/>
        <line num="51" count="1" type="stmt"/>
        <line num="54" count="6" type="stmt"/>
      </file>
    </package>
  </project>
</coverage>
