{"D:\\projectlocal\\personal\\speak2wake\\constants\\index.ts": {"path":"D:\\projectlocal\\personal\\speak2wake\\constants\\index.ts","statementMap":{"0":{"start":{"line":1,"column":13},"end":{"line":5,"column":11}},"1":{"start":{"line":7,"column":13},"end":{"line":11,"column":11}},"2":{"start":{"line":13,"column":13},"end":{"line":13,"column":36}},"3":{"start":{"line":14,"column":13},"end":{"line":14,"column":40}},"4":{"start":{"line":15,"column":13},"end":{"line":15,"column":40}},"5":{"start":{"line":16,"column":13},"end":{"line":16,"column":55}},"6":{"start":{"line":18,"column":13},"end":{"line":24,"column":11}},"7":{"start":{"line":26,"column":13},"end":{"line":26,"column":85}},"8":{"start":{"line":27,"column":13},"end":{"line":27,"column":77}}},"fnMap":{},"branchMap":{},"s":{"0":1,"1":1,"2":1,"3":1,"4":1,"5":1,"6":1,"7":1,"8":1},"f":{},"b":{}}
,"D:\\projectlocal\\personal\\speak2wake\\engine\\failsafe.ts": {"path":"D:\\projectlocal\\personal\\speak2wake\\engine\\failsafe.ts","statementMap":{"0":{"start":{"line":7,"column":0},"end":{"line":7,"column":16}},"1":{"start":{"line":33,"column":0},"end":{"line":33,"column":16}},"2":{"start":{"line":8,"column":14},"end":{"line":8,"column":33}},"3":{"start":{"line":9,"column":13},"end":{"line":9,"column":56}},"4":{"start":{"line":13,"column":2},"end":{"line":21,"column":3}},"5":{"start":{"line":14,"column":4},"end":{"line":14,"column":44}},"6":{"start":{"line":15,"column":4},"end":{"line":15,"column":44}},"7":{"start":{"line":16,"column":4},"end":{"line":16,"column":19}},"8":{"start":{"line":18,"column":4},"end":{"line":18,"column":44}},"9":{"start":{"line":19,"column":4},"end":{"line":19,"column":48}},"10":{"start":{"line":20,"column":4},"end":{"line":20,"column":19}},"11":{"start":{"line":23,"column":2},"end":{"line":26,"column":4}},"12":{"start":{"line":34,"column":24},"end":{"line":37,"column":13}},"13":{"start":{"line":35,"column":4},"end":{"line":37,"column":13}},"14":{"start":{"line":39,"column":2},"end":{"line":39,"column":58}}},"fnMap":{"0":{"name":"generateMathProblem","decl":{"start":{"line":7,"column":16},"end":{"line":7,"column":35}},"loc":{"start":{"line":7,"column":35},"end":{"line":27,"column":1}}},"1":{"name":"checkTextFailsafe","decl":{"start":{"line":33,"column":16},"end":{"line":33,"column":33}},"loc":{"start":{"line":33,"column":65},"end":{"line":40,"column":1}}},"2":{"name":"(anonymous_2)","decl":{"start":{"line":34,"column":24},"end":{"line":34,"column":25}},"loc":{"start":{"line":35,"column":4},"end":{"line":37,"column":13}}}},"branchMap":{"0":{"loc":{"start":{"line":13,"column":2},"end":{"line":21,"column":3}},"type":"if","locations":[{"start":{"line":13,"column":2},"end":{"line":21,"column":3}},{"start":{"line":17,"column":9},"end":{"line":21,"column":3}}]}},"s":{"0":1,"1":1,"2":301,"3":301,"4":301,"5":150,"6":150,"7":150,"8":151,"9":151,"10":151,"11":301,"12":12,"13":24,"14":12},"f":{"0":301,"1":12,"2":24},"b":{"0":[150,151]}}
,"D:\\projectlocal\\personal\\speak2wake\\engine\\levenshtein.ts": {"path":"D:\\projectlocal\\personal\\speak2wake\\engine\\levenshtein.ts","statementMap":{"0":{"start":{"line":4,"column":0},"end":{"line":4,"column":16}},"1":{"start":{"line":28,"column":0},"end":{"line":28,"column":16}},"2":{"start":{"line":5,"column":12},"end":{"line":5,"column":20}},"3":{"start":{"line":6,"column":12},"end":{"line":6,"column":20}},"4":{"start":{"line":7,"column":25},"end":{"line":7,"column":82}},"5":{"start":{"line":7,"column":61},"end":{"line":7,"column":81}},"6":{"start":{"line":9,"column":2},"end":{"line":9,"column":44}},"7":{"start":{"line":9,"column":15},"end":{"line":9,"column":16}},"8":{"start":{"line":9,"column":31},"end":{"line":9,"column":44}},"9":{"start":{"line":10,"column":2},"end":{"line":10,"column":44}},"10":{"start":{"line":10,"column":15},"end":{"line":10,"column":16}},"11":{"start":{"line":10,"column":31},"end":{"line":10,"column":44}},"12":{"start":{"line":12,"column":2},"end":{"line":20,"column":3}},"13":{"start":{"line":12,"column":15},"end":{"line":12,"column":16}},"14":{"start":{"line":13,"column":4},"end":{"line":19,"column":5}},"15":{"start":{"line":13,"column":17},"end":{"line":13,"column":18}},"16":{"start":{"line":14,"column":6},"end":{"line":18,"column":7}},"17":{"start":{"line":15,"column":8},"end":{"line":15,"column":36}},"18":{"start":{"line":17,"column":8},"end":{"line":17,"column":78}},"19":{"start":{"line":22,"column":2},"end":{"line":22,"column":18}},"20":{"start":{"line":29,"column":17},"end":{"line":29,"column":45}},"21":{"start":{"line":30,"column":2},"end":{"line":30,"column":29}},"22":{"start":{"line":30,"column":20},"end":{"line":30,"column":29}},"23":{"start":{"line":31,"column":2},"end":{"line":31,"column":48}}},"fnMap":{"0":{"name":"levenshteinDistance","decl":{"start":{"line":4,"column":16},"end":{"line":4,"column":35}},"loc":{"start":{"line":4,"column":56},"end":{"line":23,"column":1}}},"1":{"name":"(anonymous_1)","decl":{"start":{"line":7,"column":55},"end":{"line":7,"column":58}},"loc":{"start":{"line":7,"column":61},"end":{"line":7,"column":81}}},"2":{"name":"levenshteinScore","decl":{"start":{"line":28,"column":16},"end":{"line":28,"column":32}},"loc":{"start":{"line":28,"column":53},"end":{"line":32,"column":1}}}},"branchMap":{"0":{"loc":{"start":{"line":14,"column":6},"end":{"line":18,"column":7}},"type":"if","locations":[{"start":{"line":14,"column":6},"end":{"line":18,"column":7}},{"start":{"line":16,"column":13},"end":{"line":18,"column":7}}]},"1":{"loc":{"start":{"line":30,"column":2},"end":{"line":30,"column":29}},"type":"if","locations":[{"start":{"line":30,"column":2},"end":{"line":30,"column":29}}]}},"s":{"0":3,"1":3,"2":18,"3":18,"4":18,"5":96,"6":18,"7":18,"8":96,"9":18,"10":18,"11":92,"12":18,"13":18,"14":78,"15":78,"16":435,"17":63,"18":372,"19":18,"20":10,"21":10,"22":1,"23":9},"f":{"0":18,"1":96,"2":10},"b":{"0":[63,372],"1":[1]}}
,"D:\\projectlocal\\personal\\speak2wake\\engine\\normalizer.ts": {"path":"D:\\projectlocal\\personal\\speak2wake\\engine\\normalizer.ts","statementMap":{"0":{"start":{"line":11,"column":0},"end":{"line":11,"column":16}},"1":{"start":{"line":34,"column":0},"end":{"line":34,"column":16}},"2":{"start":{"line":1,"column":24},"end":{"line":1,"column":96}},"3":{"start":{"line":12,"column":15},"end":{"line":12,"column":40}},"4":{"start":{"line":15,"column":2},"end":{"line":15,"column":49}},"5":{"start":{"line":18,"column":2},"end":{"line":23,"column":3}},"6":{"start":{"line":19,"column":4},"end":{"line":22,"column":5}},"7":{"start":{"line":20,"column":6},"end":{"line":20,"column":59}},"8":{"start":{"line":21,"column":6},"end":{"line":21,"column":12}},"9":{"start":{"line":26,"column":2},"end":{"line":26,"column":25}},"10":{"start":{"line":28,"column":2},"end":{"line":28,"column":16}},"11":{"start":{"line":35,"column":2},"end":{"line":42,"column":25}}},"fnMap":{"0":{"name":"normalize","decl":{"start":{"line":11,"column":16},"end":{"line":11,"column":25}},"loc":{"start":{"line":11,"column":38},"end":{"line":29,"column":1}}},"1":{"name":"normalizeUmlauts","decl":{"start":{"line":34,"column":16},"end":{"line":34,"column":32}},"loc":{"start":{"line":34,"column":45},"end":{"line":43,"column":1}}}},"branchMap":{"0":{"loc":{"start":{"line":19,"column":4},"end":{"line":22,"column":5}},"type":"if","locations":[{"start":{"line":19,"column":4},"end":{"line":22,"column":5}}]}},"s":{"0":2,"1":2,"2":2,"3":22,"4":22,"5":22,"6":160,"7":6,"8":6,"9":22,"10":22,"11":4},"f":{"0":22,"1":4},"b":{"0":[6]}}
,"D:\\projectlocal\\personal\\speak2wake\\engine\\phonetic.ts": {"path":"D:\\projectlocal\\personal\\speak2wake\\engine\\phonetic.ts","statementMap":{"0":{"start":{"line":21,"column":0},"end":{"line":21,"column":16}},"1":{"start":{"line":135,"column":0},"end":{"line":135,"column":16}},"2":{"start":{"line":1,"column":0},"end":{"line":1,"column":52}},"3":{"start":{"line":22,"column":2},"end":{"line":22,"column":23}},"4":{"start":{"line":22,"column":13},"end":{"line":22,"column":23}},"5":{"start":{"line":24,"column":16},"end":{"line":29,"column":27}},"6":{"start":{"line":31,"column":2},"end":{"line":31,"column":24}},"7":{"start":{"line":31,"column":14},"end":{"line":31,"column":24}},"8":{"start":{"line":33,"column":26},"end":{"line":33,"column":28}},"9":{"start":{"line":35,"column":2},"end":{"line":109,"column":3}},"10":{"start":{"line":35,"column":15},"end":{"line":35,"column":16}},"11":{"start":{"line":36,"column":17},"end":{"line":36,"column":25}},"12":{"start":{"line":37,"column":17},"end":{"line":37,"column":42}},"13":{"start":{"line":38,"column":17},"end":{"line":38,"column":57}},"14":{"start":{"line":40,"column":15},"end":{"line":40,"column":17}},"15":{"start":{"line":42,"column":4},"end":{"line":106,"column":5}},"16":{"start":{"line":44,"column":8},"end":{"line":44,"column":19}},"17":{"start":{"line":45,"column":8},"end":{"line":45,"column":14}},"18":{"start":{"line":47,"column":8},"end":{"line":47,"column":18}},"19":{"start":{"line":48,"column":8},"end":{"line":48,"column":14}},"20":{"start":{"line":51,"column":8},"end":{"line":51,"column":40}},"21":{"start":{"line":52,"column":8},"end":{"line":52,"column":14}},"22":{"start":{"line":55,"column":8},"end":{"line":55,"column":58}},"23":{"start":{"line":56,"column":8},"end":{"line":56,"column":14}},"24":{"start":{"line":60,"column":8},"end":{"line":60,"column":19}},"25":{"start":{"line":61,"column":8},"end":{"line":61,"column":14}},"26":{"start":{"line":65,"column":8},"end":{"line":65,"column":19}},"27":{"start":{"line":66,"column":8},"end":{"line":66,"column":14}},"28":{"start":{"line":68,"column":8},"end":{"line":68,"column":20}},"29":{"start":{"line":69,"column":8},"end":{"line":69,"column":14}},"30":{"start":{"line":71,"column":8},"end":{"line":71,"column":19}},"31":{"start":{"line":72,"column":8},"end":{"line":72,"column":14}},"32":{"start":{"line":75,"column":8},"end":{"line":75,"column":19}},"33":{"start":{"line":76,"column":8},"end":{"line":76,"column":14}},"34":{"start":{"line":78,"column":8},"end":{"line":78,"column":19}},"35":{"start":{"line":79,"column":8},"end":{"line":79,"column":14}},"36":{"start":{"line":82,"column":8},"end":{"line":82,"column":19}},"37":{"start":{"line":83,"column":8},"end":{"line":83,"column":14}},"38":{"start":{"line":85,"column":8},"end":{"line":96,"column":9}},"39":{"start":{"line":86,"column":10},"end":{"line":86,"column":90}},"40":{"start":{"line":88,"column":25},"end":{"line":88,"column":50}},"41":{"start":{"line":89,"column":10},"end":{"line":95,"column":11}},"42":{"start":{"line":90,"column":12},"end":{"line":90,"column":23}},"43":{"start":{"line":91,"column":17},"end":{"line":95,"column":11}},"44":{"start":{"line":92,"column":12},"end":{"line":92,"column":23}},"45":{"start":{"line":94,"column":12},"end":{"line":94,"column":82}},"46":{"start":{"line":97,"column":8},"end":{"line":97,"column":14}},"47":{"start":{"line":99,"column":8},"end":{"line":99,"column":19}},"48":{"start":{"line":100,"column":8},"end":{"line":100,"column":14}},"49":{"start":{"line":102,"column":8},"end":{"line":102,"column":19}},"50":{"start":{"line":103,"column":8},"end":{"line":103,"column":14}},"51":{"start":{"line":105,"column":8},"end":{"line":105,"column":18}},"52":{"start":{"line":108,"column":4},"end":{"line":108,"column":21}},"53":{"start":{"line":112,"column":15},"end":{"line":112,"column":29}},"54":{"start":{"line":115,"column":16},"end":{"line":115,"column":18}},"55":{"start":{"line":116,"column":2},"end":{"line":120,"column":3}},"56":{"start":{"line":116,"column":15},"end":{"line":116,"column":16}},"57":{"start":{"line":117,"column":4},"end":{"line":119,"column":5}},"58":{"start":{"line":118,"column":6},"end":{"line":118,"column":27}},"59":{"start":{"line":123,"column":2},"end":{"line":127,"column":3}},"60":{"start":{"line":124,"column":4},"end":{"line":124,"column":65}},"61":{"start":{"line":126,"column":4},"end":{"line":126,"column":16}},"62":{"start":{"line":129,"column":2},"end":{"line":129,"column":16}},"63":{"start":{"line":136,"column":16},"end":{"line":136,"column":41}},"64":{"start":{"line":137,"column":16},"end":{"line":137,"column":39}},"65":{"start":{"line":139,"column":2},"end":{"line":139,"column":33}},"66":{"start":{"line":139,"column":24},"end":{"line":139,"column":33}},"67":{"start":{"line":140,"column":2},"end":{"line":140,"column":33}},"68":{"start":{"line":140,"column":24},"end":{"line":140,"column":33}},"69":{"start":{"line":141,"column":2},"end":{"line":141,"column":32}},"70":{"start":{"line":141,"column":23},"end":{"line":141,"column":32}},"71":{"start":{"line":144,"column":17},"end":{"line":144,"column":53}},"72":{"start":{"line":145,"column":15},"end":{"line":145,"column":48}},"73":{"start":{"line":146,"column":2},"end":{"line":146,"column":27}}},"fnMap":{"0":{"name":"colognePhonetic","decl":{"start":{"line":21,"column":16},"end":{"line":21,"column":31}},"loc":{"start":{"line":21,"column":44},"end":{"line":130,"column":1}}},"1":{"name":"phoneticScore","decl":{"start":{"line":135,"column":16},"end":{"line":135,"column":29}},"loc":{"start":{"line":135,"column":62},"end":{"line":147,"column":1}}}},"branchMap":{"0":{"loc":{"start":{"line":22,"column":2},"end":{"line":22,"column":23}},"type":"if","locations":[{"start":{"line":22,"column":2},"end":{"line":22,"column":23}}]},"1":{"loc":{"start":{"line":31,"column":2},"end":{"line":31,"column":24}},"type":"if","locations":[{"start":{"line":31,"column":2},"end":{"line":31,"column":24}}]},"2":{"loc":{"start":{"line":37,"column":17},"end":{"line":37,"column":42}},"type":"cond-expr","locations":[{"start":{"line":37,"column":25},"end":{"line":37,"column":37}},{"start":{"line":37,"column":40},"end":{"line":37,"column":42}}]},"3":{"loc":{"start":{"line":38,"column":17},"end":{"line":38,"column":57}},"type":"cond-expr","locations":[{"start":{"line":38,"column":40},"end":{"line":38,"column":52}},{"start":{"line":38,"column":55},"end":{"line":38,"column":57}}]},"4":{"loc":{"start":{"line":42,"column":4},"end":{"line":106,"column":5}},"type":"switch","locations":[{"start":{"line":43,"column":6},"end":{"line":43,"column":15}},{"start":{"line":43,"column":16},"end":{"line":43,"column":25}},{"start":{"line":43,"column":26},"end":{"line":43,"column":35}},{"start":{"line":43,"column":36},"end":{"line":43,"column":45}},{"start":{"line":43,"column":46},"end":{"line":45,"column":14}},{"start":{"line":46,"column":6},"end":{"line":48,"column":14}},{"start":{"line":49,"column":6},"end":{"line":49,"column":15}},{"start":{"line":50,"column":6},"end":{"line":52,"column":14}},{"start":{"line":53,"column":6},"end":{"line":53,"column":15}},{"start":{"line":54,"column":6},"end":{"line":56,"column":14}},{"start":{"line":57,"column":6},"end":{"line":57,"column":15}},{"start":{"line":58,"column":6},"end":{"line":58,"column":15}},{"start":{"line":59,"column":6},"end":{"line":61,"column":14}},{"start":{"line":62,"column":6},"end":{"line":62,"column":15}},{"start":{"line":63,"column":6},"end":{"line":63,"column":15}},{"start":{"line":64,"column":6},"end":{"line":66,"column":14}},{"start":{"line":67,"column":6},"end":{"line":69,"column":14}},{"start":{"line":70,"column":6},"end":{"line":72,"column":14}},{"start":{"line":73,"column":6},"end":{"line":73,"column":15}},{"start":{"line":74,"column":6},"end":{"line":76,"column":14}},{"start":{"line":77,"column":6},"end":{"line":79,"column":14}},{"start":{"line":80,"column":6},"end":{"line":80,"column":15}},{"start":{"line":81,"column":6},"end":{"line":83,"column":14}},{"start":{"line":84,"column":6},"end":{"line":97,"column":14}},{"start":{"line":98,"column":6},"end":{"line":100,"column":14}},{"start":{"line":101,"column":6},"end":{"line":103,"column":14}},{"start":{"line":104,"column":6},"end":{"line":105,"column":18}}]},"5":{"loc":{"start":{"line":51,"column":15},"end":{"line":51,"column":39}},"type":"cond-expr","locations":[{"start":{"line":51,"column":30},"end":{"line":51,"column":33}},{"start":{"line":51,"column":36},"end":{"line":51,"column":39}}]},"6":{"loc":{"start":{"line":55,"column":15},"end":{"line":55,"column":57}},"type":"cond-expr","locations":[{"start":{"line":55,"column":48},"end":{"line":55,"column":51}},{"start":{"line":55,"column":54},"end":{"line":55,"column":57}}]},"7":{"loc":{"start":{"line":85,"column":8},"end":{"line":96,"column":9}},"type":"if","locations":[{"start":{"line":85,"column":8},"end":{"line":96,"column":9}},{"start":{"line":87,"column":15},"end":{"line":96,"column":9}}]},"8":{"loc":{"start":{"line":86,"column":17},"end":{"line":86,"column":89}},"type":"cond-expr","locations":[{"start":{"line":86,"column":80},"end":{"line":86,"column":83}},{"start":{"line":86,"column":86},"end":{"line":86,"column":89}}]},"9":{"loc":{"start":{"line":89,"column":10},"end":{"line":95,"column":11}},"type":"if","locations":[{"start":{"line":89,"column":10},"end":{"line":95,"column":11}},{"start":{"line":91,"column":17},"end":{"line":95,"column":11}}]},"10":{"loc":{"start":{"line":89,"column":14},"end":{"line":89,"column":89}},"type":"binary-expr","locations":[{"start":{"line":89,"column":14},"end":{"line":89,"column":35}},{"start":{"line":89,"column":39},"end":{"line":89,"column":89}}]},"11":{"loc":{"start":{"line":91,"column":17},"end":{"line":95,"column":11}},"type":"if","locations":[{"start":{"line":91,"column":17},"end":{"line":95,"column":11}},{"start":{"line":93,"column":17},"end":{"line":95,"column":11}}]},"12":{"loc":{"start":{"line":94,"column":19},"end":{"line":94,"column":81}},"type":"cond-expr","locations":[{"start":{"line":94,"column":72},"end":{"line":94,"column":75}},{"start":{"line":94,"column":78},"end":{"line":94,"column":81}}]},"13":{"loc":{"start":{"line":117,"column":4},"end":{"line":119,"column":5}},"type":"if","locations":[{"start":{"line":117,"column":4},"end":{"line":119,"column":5}}]},"14":{"loc":{"start":{"line":117,"column":8},"end":{"line":117,"column":46}},"type":"binary-expr","locations":[{"start":{"line":117,"column":8},"end":{"line":117,"column":15}},{"start":{"line":117,"column":19},"end":{"line":117,"column":46}}]},"15":{"loc":{"start":{"line":123,"column":2},"end":{"line":127,"column":3}},"type":"if","locations":[{"start":{"line":123,"column":2},"end":{"line":127,"column":3}},{"start":{"line":125,"column":9},"end":{"line":127,"column":3}}]},"16":{"loc":{"start":{"line":139,"column":2},"end":{"line":139,"column":33}},"type":"if","locations":[{"start":{"line":139,"column":2},"end":{"line":139,"column":33}}]},"17":{"loc":{"start":{"line":139,"column":6},"end":{"line":139,"column":22}},"type":"binary-expr","locations":[{"start":{"line":139,"column":6},"end":{"line":139,"column":12}},{"start":{"line":139,"column":16},"end":{"line":139,"column":22}}]},"18":{"loc":{"start":{"line":140,"column":2},"end":{"line":140,"column":33}},"type":"if","locations":[{"start":{"line":140,"column":2},"end":{"line":140,"column":33}}]},"19":{"loc":{"start":{"line":140,"column":6},"end":{"line":140,"column":22}},"type":"binary-expr","locations":[{"start":{"line":140,"column":6},"end":{"line":140,"column":12}},{"start":{"line":140,"column":16},"end":{"line":140,"column":22}}]},"20":{"loc":{"start":{"line":141,"column":2},"end":{"line":141,"column":32}},"type":"if","locations":[{"start":{"line":141,"column":2},"end":{"line":141,"column":32}}]}},"s":{"0":2,"1":2,"2":2,"3":23,"4":1,"5":22,"6":22,"7":0,"8":22,"9":22,"10":22,"11":126,"12":126,"13":126,"14":126,"15":126,"16":40,"17":40,"18":10,"19":10,"20":1,"21":1,"22":14,"23":14,"24":8,"25":8,"26":3,"27":3,"28":0,"29":0,"30":4,"31":4,"32":13,"33":13,"34":12,"35":12,"36":19,"37":19,"38":2,"39":0,"40":2,"41":2,"42":0,"43":2,"44":2,"45":0,"46":2,"47":0,"48":0,"49":0,"50":0,"51":0,"52":126,"53":22,"54":22,"55":22,"56":22,"57":116,"58":100,"59":22,"60":22,"61":0,"62":22,"63":9,"64":9,"65":9,"66":0,"67":9,"68":0,"69":9,"70":6,"71":3,"72":3,"73":3},"f":{"0":23,"1":9},"b":{"0":[1],"1":[0],"2":[104,22],"3":[104,22],"4":[10,28,30,30,40,10,1,1,8,14,0,2,8,1,3,3,0,4,3,13,12,17,19,2,0,0,0],"5":[0,1],"6":[2,12],"7":[0,2],"8":[0,0],"9":[0,2],"10":[2,0],"11":[2,0],"12":[0,0],"13":[100],"14":[116,94],"15":[22,0],"16":[0],"17":[9,0],"18":[0],"19":[9,9],"20":[6]}}
,"D:\\projectlocal\\personal\\speak2wake\\engine\\scoring.ts": {"path":"D:\\projectlocal\\personal\\speak2wake\\engine\\scoring.ts","statementMap":{"0":{"start":{"line":11,"column":0},"end":{"line":11,"column":16}},"1":{"start":{"line":25,"column":0},"end":{"line":25,"column":16}},"2":{"start":{"line":1,"column":0},"end":{"line":1,"column":49}},"3":{"start":{"line":2,"column":0},"end":{"line":2,"column":43}},"4":{"start":{"line":3,"column":0},"end":{"line":3,"column":41}},"5":{"start":{"line":4,"column":0},"end":{"line":4,"column":67}},"6":{"start":{"line":12,"column":2},"end":{"line":14,"column":3}},"7":{"start":{"line":13,"column":4},"end":{"line":13,"column":46}},"8":{"start":{"line":15,"column":2},"end":{"line":17,"column":3}},"9":{"start":{"line":16,"column":4},"end":{"line":16,"column":47}},"10":{"start":{"line":18,"column":2},"end":{"line":18,"column":43}},"11":{"start":{"line":30,"column":29},"end":{"line":30,"column":48}},"12":{"start":{"line":31,"column":27},"end":{"line":31,"column":44}},"13":{"start":{"line":33,"column":19},"end":{"line":33,"column":73}},"14":{"start":{"line":34,"column":20},"end":{"line":34,"column":71}},"15":{"start":{"line":35,"column":28},"end":{"line":35,"column":67}},"16":{"start":{"line":38,"column":4},"end":{"line":40,"column":50}},"17":{"start":{"line":42,"column":20},"end":{"line":42,"column":66}},"18":{"start":{"line":43,"column":17},"end":{"line":43,"column":43}},"19":{"start":{"line":46,"column":2},"end":{"line":52,"column":3}},"20":{"start":{"line":47,"column":4},"end":{"line":47,"column":73}},"21":{"start":{"line":48,"column":9},"end":{"line":52,"column":3}},"22":{"start":{"line":49,"column":4},"end":{"line":49,"column":40}},"23":{"start":{"line":51,"column":4},"end":{"line":51,"column":50}},"24":{"start":{"line":54,"column":2},"end":{"line":62,"column":4}}},"fnMap":{"0":{"name":"getDynamicThreshold","decl":{"start":{"line":11,"column":16},"end":{"line":11,"column":35}},"loc":{"start":{"line":11,"column":54},"end":{"line":19,"column":1}}},"1":{"name":"evaluateChallenge","decl":{"start":{"line":25,"column":16},"end":{"line":25,"column":33}},"loc":{"start":{"line":28,"column":23},"end":{"line":63,"column":1}}}},"branchMap":{"0":{"loc":{"start":{"line":12,"column":2},"end":{"line":14,"column":3}},"type":"if","locations":[{"start":{"line":12,"column":2},"end":{"line":14,"column":3}}]},"1":{"loc":{"start":{"line":15,"column":2},"end":{"line":17,"column":3}},"type":"if","locations":[{"start":{"line":15,"column":2},"end":{"line":17,"column":3}}]},"2":{"loc":{"start":{"line":46,"column":2},"end":{"line":52,"column":3}},"type":"if","locations":[{"start":{"line":46,"column":2},"end":{"line":52,"column":3}},{"start":{"line":48,"column":9},"end":{"line":52,"column":3}}]},"3":{"loc":{"start":{"line":47,"column":15},"end":{"line":47,"column":72}},"type":"cond-expr","locations":[{"start":{"line":47,"column":38},"end":{"line":47,"column":48}},{"start":{"line":47,"column":51},"end":{"line":47,"column":72}}]},"4":{"loc":{"start":{"line":48,"column":9},"end":{"line":52,"column":3}},"type":"if","locations":[{"start":{"line":48,"column":9},"end":{"line":52,"column":3}},{"start":{"line":50,"column":9},"end":{"line":52,"column":3}}]}},"s":{"0":1,"1":1,"2":1,"3":1,"4":1,"5":1,"6":12,"7":2,"8":10,"9":7,"10":3,"11":6,"12":6,"13":6,"14":6,"15":6,"16":6,"17":6,"18":6,"19":6,"20":5,"21":1,"22":0,"23":1,"24":6},"f":{"0":12,"1":6},"b":{"0":[2],"1":[7],"2":[5,1],"3":[3,2],"4":[0,1]}}
}
