TN:
SF:constants\index.ts
FNF:0
FNH:0
DA:1,1
DA:7,1
DA:13,1
DA:14,1
DA:15,1
DA:16,1
DA:18,1
DA:26,1
DA:27,1
LF:9
LH:9
BRF:0
BRH:0
end_of_record
TN:
SF:engine\failsafe.ts
FN:7,generateMathProblem
FN:33,checkTextFailsafe
FN:34,(anonymous_2)
FNF:3
FNH:3
FNDA:301,generateMathProblem
FNDA:12,checkTextFailsafe
FNDA:24,(anonymous_2)
DA:7,1
DA:8,301
DA:9,301
DA:13,301
DA:14,150
DA:15,150
DA:16,150
DA:18,151
DA:19,151
DA:20,151
DA:23,301
DA:33,1
DA:34,12
DA:35,24
DA:39,12
LF:15
LH:15
BRDA:13,0,0,150
BRDA:13,0,1,151
BRF:2
BRH:2
end_of_record
TN:
SF:engine\levenshtein.ts
FN:4,levenshteinDistance
FN:7,(anonymous_1)
FN:28,levenshteinScore
FNF:3
FNH:3
FNDA:18,levenshteinDistance
FNDA:96,(anonymous_1)
FNDA:10,levenshteinScore
DA:4,3
DA:5,18
DA:6,18
DA:7,96
DA:9,96
DA:10,92
DA:12,18
DA:13,78
DA:14,435
DA:15,63
DA:17,372
DA:22,18
DA:28,3
DA:29,10
DA:30,10
DA:31,9
LF:16
LH:16
BRDA:14,0,0,63
BRDA:14,0,1,372
BRDA:30,1,0,1
BRF:3
BRH:3
end_of_record
TN:
SF:engine\normalizer.ts
FN:11,normalize
FN:34,normalizeUmlauts
FNF:2
FNH:2
FNDA:22,normalize
FNDA:4,normalizeUmlauts
DA:1,2
DA:11,2
DA:12,22
DA:15,22
DA:18,22
DA:19,160
DA:20,6
DA:21,6
DA:26,22
DA:28,22
DA:34,2
DA:35,4
LF:12
LH:12
BRDA:19,0,0,6
BRF:1
BRH:1
end_of_record
TN:
SF:engine\phonetic.ts
FN:21,colognePhonetic
FN:135,phoneticScore
FNF:2
FNH:2
FNDA:23,colognePhonetic
FNDA:9,phoneticScore
DA:1,2
DA:21,2
DA:22,23
DA:24,22
DA:31,22
DA:33,22
DA:35,22
DA:36,126
DA:37,126
DA:38,126
DA:40,126
DA:42,126
DA:44,40
DA:45,40
DA:47,10
DA:48,10
DA:51,1
DA:52,1
DA:55,14
DA:56,14
DA:60,8
DA:61,8
DA:65,3
DA:66,3
DA:68,0
DA:69,0
DA:71,4
DA:72,4
DA:75,13
DA:76,13
DA:78,12
DA:79,12
DA:82,19
DA:83,19
DA:85,2
DA:86,0
DA:88,2
DA:89,2
DA:90,0
DA:91,2
DA:92,2
DA:94,0
DA:97,2
DA:99,0
DA:100,0
DA:102,0
DA:103,0
DA:105,0
DA:108,126
DA:112,22
DA:115,22
DA:116,22
DA:117,116
DA:118,100
DA:123,22
DA:124,22
DA:126,0
DA:129,22
DA:135,2
DA:136,9
DA:137,9
DA:139,9
DA:140,9
DA:141,9
DA:144,3
DA:145,3
DA:146,3
LF:67
LH:56
BRDA:22,0,0,1
BRDA:31,1,0,0
BRDA:37,2,0,104
BRDA:37,2,1,22
BRDA:38,3,0,104
BRDA:38,3,1,22
BRDA:42,4,0,10
BRDA:42,4,1,28
BRDA:42,4,2,30
BRDA:42,4,3,30
BRDA:42,4,4,40
BRDA:42,4,5,10
BRDA:42,4,6,1
BRDA:42,4,7,1
BRDA:42,4,8,8
BRDA:42,4,9,14
BRDA:42,4,10,0
BRDA:42,4,11,2
BRDA:42,4,12,8
BRDA:42,4,13,1
BRDA:42,4,14,3
BRDA:42,4,15,3
BRDA:42,4,16,0
BRDA:42,4,17,4
BRDA:42,4,18,3
BRDA:42,4,19,13
BRDA:42,4,20,12
BRDA:42,4,21,17
BRDA:42,4,22,19
BRDA:42,4,23,2
BRDA:42,4,24,0
BRDA:42,4,25,0
BRDA:42,4,26,0
BRDA:51,5,0,0
BRDA:51,5,1,1
BRDA:55,6,0,2
BRDA:55,6,1,12
BRDA:85,7,0,0
BRDA:85,7,1,2
BRDA:86,8,0,0
BRDA:86,8,1,0
BRDA:89,9,0,0
BRDA:89,9,1,2
BRDA:89,10,0,2
BRDA:89,10,1,0
BRDA:91,11,0,2
BRDA:91,11,1,0
BRDA:94,12,0,0
BRDA:94,12,1,0
BRDA:117,13,0,100
BRDA:117,14,0,116
BRDA:117,14,1,94
BRDA:123,15,0,22
BRDA:123,15,1,0
BRDA:139,16,0,0
BRDA:139,17,0,9
BRDA:139,17,1,0
BRDA:140,18,0,0
BRDA:140,19,0,9
BRDA:140,19,1,9
BRDA:141,20,0,6
BRF:61
BRH:42
end_of_record
TN:
SF:engine\scoring.ts
FN:11,getDynamicThreshold
FN:25,evaluateChallenge
FNF:2
FNH:2
FNDA:12,getDynamicThreshold
FNDA:6,evaluateChallenge
DA:1,1
DA:2,1
DA:3,1
DA:4,1
DA:11,1
DA:12,12
DA:13,2
DA:15,10
DA:16,7
DA:18,3
DA:25,1
DA:30,6
DA:31,6
DA:33,6
DA:34,6
DA:35,6
DA:38,6
DA:42,6
DA:43,6
DA:46,6
DA:47,5
DA:48,1
DA:49,0
DA:51,1
DA:54,6
LF:25
LH:24
BRDA:12,0,0,2
BRDA:15,1,0,7
BRDA:46,2,0,5
BRDA:46,2,1,1
BRDA:47,3,0,3
BRDA:47,3,1,2
BRDA:48,4,0,0
BRDA:48,4,1,1
BRF:8
BRH:7
end_of_record
